This is pdfTeX, Version 3.14159265-2.6-1.40.17 (MiKTeX 2.9 64-bit) (preloaded format=pdflatex 2016.9.16)  6 NOV 2016 15:42
entering extended mode
**./problem2.tex
(problem2.tex
LaTeX2e <2016/03/31> patch level 3
Babel <3.9r> and hyphenation patterns for 75 language(s) loaded.
("C:\Program Files\MiKTeX 2.9\tex\latex\base\article.cls"
Document Class: article 2014/09/29 v1.4h Standard LaTeX document class
("C:\Program Files\MiKTeX 2.9\tex\latex\base\size10.clo"
File: size10.clo 2014/09/29 v1.4h Standard LaTeX file (size option)
)
\c@part=\count79
\c@section=\count80
\c@subsection=\count81
\c@subsubsection=\count82
\c@paragraph=\count83
\c@subparagraph=\count84
\c@figure=\count85
\c@table=\count86
\abovecaptionskip=\skip41
\belowcaptionskip=\skip42
\bibindent=\dimen102
)
("C:\Program Files\MiKTeX 2.9\tex\latex\graphics\graphicx.sty"
Package: graphicx 2014/10/28 v1.0g Enhanced LaTeX Graphics (DPC,SPQR)

("C:\Program Files\MiKTeX 2.9\tex\latex\graphics\keyval.sty"
Package: keyval 2014/10/28 v1.15 key=value parser (DPC)
\KV@toks@=\toks14
)
("C:\Program Files\MiKTeX 2.9\tex\latex\graphics\graphics.sty"
Package: graphics 2016/07/10 v1.0t Standard LaTeX Graphics (DPC,SPQR)

("C:\Program Files\MiKTeX 2.9\tex\latex\graphics\trig.sty"
Package: trig 2016/01/03 v1.10 sin cos tan (DPC)
)
("C:\Program Files\MiKTeX 2.9\tex\latex\00miktex\graphics.cfg"
File: graphics.cfg 2016/06/04 v1.11 sample graphics configuration
)
Package graphics Info: Driver file: pdftex.def on input line 99.

("C:\Program Files\MiKTeX 2.9\tex\latex\graphics-def\pdftex.def"
File: pdftex.def 2016/07/10 v0.06j Graphics/color for pdfTeX

("C:\Program Files\MiKTeX 2.9\tex\generic\oberdiek\infwarerr.sty"
Package: infwarerr 2016/05/16 v1.4 Providing info/warning/error messages (HO)
)
("C:\Program Files\MiKTeX 2.9\tex\generic\oberdiek\ltxcmds.sty"
Package: ltxcmds 2016/05/16 v1.23 LaTeX kernel commands for general use (HO)
)
\Gread@gobject=\count87
))
\Gin@req@height=\dimen103
\Gin@req@width=\dimen104
)
("C:\Program Files\MiKTeX 2.9\tex\latex\graphics\color.sty"
Package: color 2016/07/10 v1.1e Standard LaTeX Color (DPC)

("C:\Program Files\MiKTeX 2.9\tex\latex\00miktex\color.cfg"
File: color.cfg 2016/01/02 v1.6 sample color configuration
)
Package color Info: Driver file: pdftex.def on input line 147.
) (problem2.aux)
\openout1 = `problem2.aux'.

LaTeX Font Info:    Checking defaults for OML/cmm/m/it on input line 13.
LaTeX Font Info:    ... okay on input line 13.
LaTeX Font Info:    Checking defaults for T1/cmr/m/n on input line 13.
LaTeX Font Info:    ... okay on input line 13.
LaTeX Font Info:    Checking defaults for OT1/cmr/m/n on input line 13.
LaTeX Font Info:    ... okay on input line 13.
LaTeX Font Info:    Checking defaults for OMS/cmsy/m/n on input line 13.
LaTeX Font Info:    ... okay on input line 13.
LaTeX Font Info:    Checking defaults for OMX/cmex/m/n on input line 13.
LaTeX Font Info:    ... okay on input line 13.
LaTeX Font Info:    Checking defaults for U/cmr/m/n on input line 13.
LaTeX Font Info:    ... okay on input line 13.

("C:\Program Files\MiKTeX 2.9\tex\context\base\supp-pdf.mkii"
[Loading MPS to PDF converter (version 2006.09.02).]
\scratchcounter=\count88
\scratchdimen=\dimen105
\scratchbox=\box26
\nofMPsegments=\count89
\nofMParguments=\count90
\everyMPshowfont=\toks15
\MPscratchCnt=\count91
\MPscratchDim=\dimen106
\MPnumerator=\count92
\makeMPintoPDFobject=\count93
\everyMPtoPDFconversion=\toks16
) ("C:\Program Files\MiKTeX 2.9\tex\generic\oberdiek\pdftexcmds.sty"
Package: pdftexcmds 2016/05/21 v0.22 Utility functions of pdfTeX for LuaTeX (HO
)

("C:\Program Files\MiKTeX 2.9\tex\generic\oberdiek\ifluatex.sty"
Package: ifluatex 2016/05/16 v1.4 Provides the ifluatex switch (HO)
Package ifluatex Info: LuaTeX not detected.
)
("C:\Program Files\MiKTeX 2.9\tex\generic\oberdiek\ifpdf.sty"
Package: ifpdf 2016/05/14 v3.1 Provides the ifpdf switch
)
Package pdftexcmds Info: LuaTeX not detected.
Package pdftexcmds Info: \pdf@primitive is available.
Package pdftexcmds Info: \pdf@ifprimitive is available.
Package pdftexcmds Info: \pdfdraftmode found.
)
("C:\Program Files\MiKTeX 2.9\tex\latex\oberdiek\epstopdf-base.sty"
Package: epstopdf-base 2016/05/15 v2.6 Base part for package epstopdf

("C:\Program Files\MiKTeX 2.9\tex\latex\oberdiek\grfext.sty"
Package: grfext 2016/05/16 v1.2 Manage graphics extensions (HO)

("C:\Program Files\MiKTeX 2.9\tex\generic\oberdiek\kvdefinekeys.sty"
Package: kvdefinekeys 2016/05/16 v1.4 Define keys (HO)
))
("C:\Program Files\MiKTeX 2.9\tex\latex\oberdiek\kvoptions.sty"
Package: kvoptions 2016/05/16 v3.12 Key value format for package options (HO)

("C:\Program Files\MiKTeX 2.9\tex\generic\oberdiek\kvsetkeys.sty"
Package: kvsetkeys 2016/05/16 v1.17 Key value parser (HO)

("C:\Program Files\MiKTeX 2.9\tex\generic\oberdiek\etexcmds.sty"
Package: etexcmds 2016/05/16 v1.6 Avoid name clashes with e-TeX commands (HO)
Package etexcmds Info: Could not find \expanded.
(etexcmds)             That can mean that you are not using pdfTeX 1.50 or
(etexcmds)             that some package has redefined \expanded.
(etexcmds)             In the latter case, load this package earlier.
)))
Package epstopdf-base Info: Redefining graphics rule for `.eps' on input line 4
38.
Package grfext Info: Graphics extension search list:
(grfext)             [.png,.pdf,.jpg,.mps,.jpeg,.jbig2,.jb2,.PNG,.PDF,.JPG,.JPE
G,.JBIG2,.JB2,.eps]
(grfext)             \AppendGraphicsExtensions on input line 456.
)
Overfull \hbox (48.74657pt too wide) in paragraph at lines 74--74
[]\OT1/cmtt/m/n/10 func = @(tau, theta) t_star*a*(Tf^3)*(1-theta^4)/(355.2 + 0.
2008*Tf*theta);[] 
 []


Overfull \hbox (27.74675pt too wide) in paragraph at lines 74--74
[]\OT1/cmtt/m/n/10 %Following is the data showing density of copper 'rho' as a 
function of[] 
 []


Overfull \hbox (43.49661pt too wide) in paragraph at lines 74--74
[]\OT1/cmtt/m/n/10 %temperature. We will use non-linear regression to obtain re
lation density[] 
 []


Overfull \hbox (179.99542pt too wide) in paragraph at lines 74--74
[]\OT1/cmtt/m/n/10 T= [0.00,100.00,200.00,300.00,400.00,500.00,600.00,700.00,80
0.00,900.00,1000.00,1100.00,1200.00]; %K[] 
 []


Overfull \hbox (80.24629pt too wide) in paragraph at lines 74--74
[]\OT1/cmtt/m/n/10 rho=[9.08,9.04,9.00,8.96,8.91,8.87,8.82,8.76,8.71,8.65, 8.58
,8.51,8.44]; %gm/cm^3[] 
 []

[1

{C:/ProgramData/MiKTeX/2.9/pdftex/config/pdftex.map}]
Overfull \hbox (59.24648pt too wide) in paragraph at lines 74--74
[]\OT1/cmtt/m/n/10 fprintf('Using data above, density at 300K = %f gm/cm^3\n',r
ho_cu(beta, 300))[] 
 []


Overfull \hbox (69.74638pt too wide) in paragraph at lines 74--74
[]\OT1/cmtt/m/n/10 fprintf('Using data above, density at 1200K = %f gm/cm^3\n',
rho_cu(beta, 1200))[] 
 []


Overfull \hbox (38.24666pt too wide) in paragraph at lines 74--74
[]\OT1/cmtt/m/n/10 %As we can see slope of the fitted data is nearly zero, so d
ensity does't[] 
 []

Package epstopdf Info: Source file: <problem2_01.eps>
(epstopdf)                    date: 2016-11-06 15:41:26
(epstopdf)                    size: 180345 bytes
(epstopdf)             Output file: <problem2_01-eps-converted-to.pdf>
(epstopdf)             Command: <epstopdf --outfile=problem2_01-eps-converted-t
o.pdf problem2_01.eps>
(epstopdf)             \includegraphics on input line 81.
runsystem(epstopdf --outfile=problem2_01-eps-converted-to.pdf problem2_01.eps).
..executed (allowed).

Package epstopdf Info: Result file: <problem2_01-eps-converted-to.pdf>
(epstopdf)                    date: 2016-11-06 15:42:35
(epstopdf)                    size: 6421 bytes.
<problem2_01-eps-converted-to.pdf, id=7, 368.37625pt x 301.125pt>
File: problem2_01-eps-converted-to.pdf Graphic file (type pdf)

<use problem2_01-eps-converted-to.pdf>
Package pdftex.def Info: problem2_01-eps-converted-to.pdf used on input line 81
.
(pdftex.def)             Requested size: 289.07999pt x 236.30093pt.
 [2 <./problem2_01-eps-converted-to.pdf>] (problem2.aux) ) 
Here is how much of TeX's memory you used:
 1510 strings out of 493334
 21487 string characters out of 3139246
 82205 words of memory out of 3000000
 5056 multiletter control sequences out of 15000+200000
 3808 words of font info for 15 fonts, out of 3000000 for 9000
 1141 hyphenation exceptions out of 8191
 40i,5n,25p,240b,240s stack positions out of 5000i,500n,10000p,200000b,50000s
<C:/Program Files/MiK
TeX 2.9/fonts/type1/public/amsfonts/cm/cmr10.pfb><C:/Program Files/MiKTeX 2.9/f
onts/type1/public/amsfonts/cm/cmtt10.pfb>
Output written on problem2.pdf (2 pages, 36090 bytes).
PDF statistics:
 28 PDF objects out of 1000 (max. 8388607)
 0 named destinations out of 1000 (max. 500000)
 6 words of extra memory for PDF output out of 10000 (max. 10000000)

